<?xml version="1.0" encoding="UTF-8"?>
<!-- Generated by org.testng.reporters.JUnitReportReporter -->
<testsuite skipped="0" hostname="Upasana-PC" name="com.ETLhive.www.SeleniumText.demoFrame1" tests="2" failures="0" timestamp="28 Mar 2020 05:41:05 GMT" time="21.012" errors="0">
  <testcase name="f3" time="12.288" classname="com.ETLhive.www.SeleniumText.demoFrame1"/>
  <testcase name="f3" time="8.724" classname="com.ETLhive.www.SeleniumText.demoFrame1"/>
</testsuite> <!-- com.ETLhive.www.SeleniumText.demoFrame1 -->
